#
# A fatal error has been detected by the Java Runtime Environment:
#
#  SIGSEGV (0xb) at pc=0x0000000110432d10, pid=17973, tid=19203
#
# JRE version: Java(TM) SE Runtime Environment (8.0_45-b14) (build 1.8.0_45-b14)
# Java VM: Java HotSpot(TM) 64-Bit Server VM (25.45-b02 mixed mode bsd-amd64 compressed oops)
# Problematic frame:
# V  [libjvm.dylib+0x432d10]
#
# Failed to write core dump. Core dumps have been disabled. To enable core dumping, try "ulimit -c unlimited" before starting Java again
#
# If you would like to submit a bug report, please visit:
#   http://bugreport.java.com/bugreport/crash.jsp
#

---------------  T H R E A D  ---------------

Current thread (0x00007fb383809000):  JavaThread "JDWP Transport Listener: dt_socket" daemon [_thread_in_vm, id=19203, stack(0x0000700000f47000,0x0000700001047000)]

siginfo: si_signo: 11 (SIGSEGV), si_code: 1 (SEGV_MAPERR), si_addr: 0x0000003b32333733

Registers:
RAX=0x0000000000000001, RBX=0x0000700001046a8b, RCX=0x00000001107fa190, RDX=0x0000700001046a8b
RSP=0x00007000010469d0, RBP=0x00007000010469e0, RSI=0x00007fb383809000, RDI=0x0000003b32333733
R8 =0x0000000000000000, R9 =0x00007fb381f42e60, R10=0x00000000193949c1, R11=0x00007fb381f00000
R12=0x00007fb383809000, R13=0x0000003b32333733, R14=0x0000003b32333733, R15=0x00007fb381f00000
RIP=0x0000000110432d10, EFLAGS=0x0000000000010206, ERR=0x0000000000000004
  TRAPNO=0x000000000000000e

Top of Stack: (sp=0x00007000010469d0)
0x00007000010469d0:   0000700001046a8b 0000700001046a8b
0x00007000010469e0:   0000700001046a40 00000001103430d6
0x00007000010469f0:   00007fb383809000 0000000000000000
0x0000700001046a00:   0000000000000000 0000000000000000
0x0000700001046a10:   00007fb383809000 00007fb383809000
0x0000700001046a20:   0000700001046a8b 0000700001046a90
0x0000700001046a30:   0000003b32333733 000000000000000f
0x0000700001046a40:   0000700001046a60 0000000110fbe780
0x0000700001046a50:   0000000000000001 0000700001046b08
0x0000700001046a60:   0000700001046ad0 0000000110fa31f3
0x0000700001046a70:   0000700001046aa0 00007fb381f32010
0x0000700001046a80:   0000001000000032 f000100a01046b08
0x0000700001046a90:   0000000000000000 0000000000000000
0x0000700001046aa0:   0000000000000000 0000700001046c90
0x0000700001046ab0:   0000000110fc5e7a 00007fb3840038d0
0x0000700001046ac0:   0000700001046b08 0000000110fd1598
0x0000700001046ad0:   0000700001046ae0 0000000110fa32ec
0x0000700001046ae0:   0000700001046d00 0000000110fac898
0x0000700001046af0:   00001b8100000013 00000000000f0200
0x0000700001046b00:   00007fb3840006b0 00007fb38a521b9d
0x0000700001046b10:   00007fb300000313 00007fb381f3fb50
0x0000700001046b20:   000000000000012c 0000700001046b58
0x0000700001046b30:   00007fb381f320c0 0000000000000000
0x0000700001046b40:   00001b8100000030 00007fff0000d380
0x0000700001046b50:   0000700001046b58 b37f000010000000
0x0000700001046b60:   080000009841f181 3e74696e696c633c
0x0000700001046b70:   0056292803000000 0008000000000000
0x0000700001046b80:   009041f181b37f00 74696e693c060000
0x0000700001046b90:   562928030000003e 0200000000000000
0x0000700001046ba0:   a041f181b37f0000 6e69616d04000000
0x0000700001046bb0:   6a4c5b2816000000 676e616c2f617661
0x0000700001046bc0:   3b676e697274532f 0000000000005629 

Instructions: (pc=0x0000000110432d10)
0x0000000110432cf0:   40 48 48 85 c0 75 e0 30 c0 0f b6 c0 5d c3 31 c0
0x0000000110432d00:   5d c3 55 48 89 e5 53 48 83 ec 08 48 85 ff 74 24
0x0000000110432d10:   48 8b 1f 48 85 db 74 1c 48 83 fb 37 74 16 48 8b
0x0000000110432d20:   03 48 89 df ff 50 10 84 c0 b8 00 00 00 00 48 0f 

Register to memory mapping:

RAX=0x0000000000000001 is an unknown value
RBX=0x0000700001046a8b is pointing into the stack for thread: 0x00007fb383809000
RCX=0x00000001107fa190: UseMembar+0 in /Library/Java/JavaVirtualMachines/jdk1.8.0_45.jdk/Contents/Home/jre/lib/server/libjvm.dylib at 0x0000000110000000
RDX=0x0000700001046a8b is pointing into the stack for thread: 0x00007fb383809000
RSP=0x00007000010469d0 is pointing into the stack for thread: 0x00007fb383809000
RBP=0x00007000010469e0 is pointing into the stack for thread: 0x00007fb383809000
RSI=0x00007fb383809000 is a thread
RDI=0x0000003b32333733 is an unknown value
R8 =0x0000000000000000 is an unknown value
R9 =0x00007fb381f42e60 is an unknown value
R10=0x00000000193949c1 is an unknown value
R11=0x00007fb381f00000 is an unknown value
R12=0x00007fb383809000 is a thread
R13=0x0000003b32333733 is an unknown value
R14=0x0000003b32333733 is an unknown value
R15=0x00007fb381f00000 is an unknown value


Stack: [0x0000700000f47000,0x0000700001047000],  sp=0x00007000010469d0,  free space=1022k
Native frames: (J=compiled Java code, j=interpreted, Vv=VM code, C=native code)
V  [libjvm.dylib+0x432d10]
V  [libjvm.dylib+0x3430d6]
C  [libjdwp.dylib+0x20780]  isMethodSynthetic+0x63
C  [libjdwp.dylib+0x51f3]  methods1+0x10b
C  [libjdwp.dylib+0x52ec]  methodsWithGeneric+0xe
C  [libjdwp.dylib+0xe898]  debugLoop_run+0x1ce
C  [libjdwp.dylib+0x1f6ba]  attachThread+0x4d
V  [libjvm.dylib+0x38401c]
V  [libjvm.dylib+0x549acf]
V  [libjvm.dylib+0x54b1c0]
V  [libjvm.dylib+0x46ea7e]
C  [libsystem_pthread.dylib+0x3c13]  _pthread_body+0x83
C  [libsystem_pthread.dylib+0x3b90]  _pthread_body+0x0
C  [libsystem_pthread.dylib+0x1375]  thread_start+0xd
C  0x0000000000000000


---------------  P R O C E S S  ---------------

Java Threads: ( => current thread )
  0x00007fb38307b800 JavaThread "Service Thread" daemon [_thread_blocked, id=22787, stack(0x000070000165c000,0x000070000175c000)]
  0x00007fb383048800 JavaThread "C1 CompilerThread3" daemon [_thread_blocked, id=22275, stack(0x0000700001559000,0x0000700001659000)]
  0x00007fb383047800 JavaThread "C2 CompilerThread2" daemon [_thread_blocked, id=21763, stack(0x0000700001456000,0x0000700001556000)]
  0x00007fb385001000 JavaThread "C2 CompilerThread1" daemon [_thread_blocked, id=21251, stack(0x0000700001353000,0x0000700001453000)]
  0x00007fb383046000 JavaThread "C2 CompilerThread0" daemon [_thread_blocked, id=20739, stack(0x0000700001250000,0x0000700001350000)]
  0x00007fb383809800 JavaThread "JDWP Command Reader" daemon [_thread_in_native, id=20227, stack(0x000070000114d000,0x000070000124d000)]
  0x00007fb383045000 JavaThread "JDWP Event Helper Thread" daemon [_thread_blocked, id=19715, stack(0x000070000104a000,0x000070000114a000)]
=>0x00007fb383809000 JavaThread "JDWP Transport Listener: dt_socket" daemon [_thread_in_vm, id=19203, stack(0x0000700000f47000,0x0000700001047000)]
  0x00007fb382803000 JavaThread "Signal Dispatcher" daemon [_thread_blocked, id=15887, stack(0x0000700000e44000,0x0000700000f44000)]
  0x00007fb38302b800 JavaThread "Finalizer" daemon [_thread_blocked, id=14339, stack(0x0000700000c3b000,0x0000700000d3b000)]
  0x00007fb383802800 JavaThread "Reference Handler" daemon [_thread_blocked, id=13827, stack(0x0000700000b38000,0x0000700000c38000)]
  0x00007fb383006800 JavaThread "main" [_thread_blocked, id=5891, stack(0x000070000011a000,0x000070000021a000)]

Other Threads:
  0x00007fb38302b000 VMThread [stack: 0x0000700000a35000,0x0000700000b35000] [id=13315]
  0x00007fb38303a800 WatcherThread [stack: 0x000070000175f000,0x000070000185f000] [id=23299]

VM state:not at safepoint (normal execution)

VM Mutex/Monitor currently owned by a thread: None

Heap:
 PSYoungGen      total 330240K, used 66907K [0x00000007aab00000, 0x00000007c0000000, 0x00000007c0000000)
  eden space 312832K, 21% used [0x00000007aab00000,0x00000007aec56c98,0x00000007bdc80000)
  from space 17408K, 0% used [0x00000007bed00000,0x00000007bed00000,0x00000007bfe00000)
  to   space 16896K, 0% used [0x00000007bdc80000,0x00000007bdc80000,0x00000007bed00000)
 ParOldGen       total 272384K, used 142534K [0x0000000780000000, 0x0000000790a00000, 0x00000007aab00000)
  object space 272384K, 52% used [0x0000000780000000,0x0000000788b31958,0x0000000790a00000)
 Metaspace       used 5805K, capacity 6000K, committed 6144K, reserved 1056768K
  class space    used 616K, capacity 678K, committed 768K, reserved 1048576K

Card table byte_map: [0x00000001203b2000,0x00000001205b3000] byte_map_base: 0x000000011c7b2000

Marking Bits: (ParMarkBitMap*) 0x00000001108c27a0
 Begin Bits: [0x0000000120709000, 0x0000000121709000)
 End Bits:   [0x0000000121709000, 0x0000000122709000)

Polling page: 0x000000010efec000

CodeCache: size=245760Kb used=4519Kb max_used=4538Kb free=241240Kb
 bounds [0x0000000110ff2000, 0x0000000111472000, 0x000000011fff2000]
 total_blobs=1172 nmethods=893 adapters=201
 compilation: enabled

Compilation events (10 events):
Event: 31.315 Thread 0x00007fb385001000  898       4       java.util.TreeMap$Entry::toString (30 bytes)
Event: 31.341 Thread 0x00007fb385001000 nmethod 898 0x0000000111446990 code [0x0000000111446ba0, 0x0000000111447fb8]
Event: 35.002 Thread 0x00007fb383048800  899 %     3       java.util.AbstractCollection::toString @ 32 (89 bytes)
Event: 35.003 Thread 0x00007fb383048800 nmethod 899% 0x00000001114493d0 code [0x00000001114496c0, 0x000000011144b048]
Event: 35.005 Thread 0x00007fb383048800  900       3       java.util.AbstractCollection::toString (89 bytes)
Event: 35.008 Thread 0x00007fb383048800 nmethod 900 0x0000000111444190 code [0x0000000111444480, 0x0000000111445cc8]
Event: 50.267 Thread 0x00007fb385001000  901 %     4       java.util.AbstractMap::toString @ 37 (140 bytes)
Event: 50.324 Thread 0x00007fb385001000 nmethod 901% 0x0000000111460b50 code [0x0000000111460dc0, 0x0000000111462af8]
Event: 59.227 Thread 0x00007fb383047800  902       4       java.util.AbstractMap::toString (140 bytes)
Event: 59.282 Thread 0x00007fb383047800 nmethod 902 0x0000000111467b90 code [0x0000000111467e40, 0x0000000111469ba0]

GC Heap History (10 events):
Event: 31.375 GC heap before
{Heap before GC invocations=15 (full 3):
 PSYoungGen      total 330752K, used 64K [0x00000007aab00000, 0x00000007c0000000, 0x00000007c0000000)
  eden space 312320K, 0% used [0x00000007aab00000,0x00000007aab00000,0x00000007bdc00000)
  from space 18432K, 0% used [0x00000007bee00000,0x00000007bee10000,0x00000007c0000000)
  to   space 18432K, 0% used [0x00000007bdc00000,0x00000007bdc00000,0x00000007bee00000)
 ParOldGen       total 126976K, used 103345K [0x0000000780000000, 0x0000000787c00000, 0x00000007aab00000)
  object space 126976K, 81% used [0x0000000780000000,0x00000007864ec410,0x0000000787c00000)
 Metaspace       used 5701K, capacity 5870K, committed 6144K, reserved 1056768K
  class space    used 613K, capacity 676K, committed 768K, reserved 1048576K
Event: 31.616 GC heap after
Heap after GC invocations=15 (full 3):
 PSYoungGen      total 330752K, used 0K [0x00000007aab00000, 0x00000007c0000000, 0x00000007c0000000)
  eden space 312320K, 0% used [0x00000007aab00000,0x00000007aab00000,0x00000007bdc00000)
  from space 18432K, 0% used [0x00000007bee00000,0x00000007bee00000,0x00000007c0000000)
  to   space 18432K, 0% used [0x00000007bdc00000,0x00000007bdc00000,0x00000007bee00000)
 ParOldGen       total 158720K, used 83747K [0x0000000780000000, 0x0000000789b00000, 0x00000007aab00000)
  object space 158720K, 52% used [0x0000000780000000,0x00000007851c8e48,0x0000000789b00000)
 Metaspace       used 5701K, capacity 5870K, committed 6144K, reserved 1056768K
  class space    used 613K, capacity 676K, committed 768K, reserved 1048576K
}
Event: 50.003 GC heap before
{Heap before GC invocations=16 (full 3):
 PSYoungGen      total 330752K, used 312320K [0x00000007aab00000, 0x00000007c0000000, 0x00000007c0000000)
  eden space 312320K, 100% used [0x00000007aab00000,0x00000007bdc00000,0x00000007bdc00000)
  from space 18432K, 0% used [0x00000007bee00000,0x00000007bee00000,0x00000007c0000000)
  to   space 18432K, 0% used [0x00000007bdc00000,0x00000007bdc00000,0x00000007bee00000)
 ParOldGen       total 158720K, used 83747K [0x0000000780000000, 0x0000000789b00000, 0x00000007aab00000)
  object space 158720K, 52% used [0x0000000780000000,0x00000007851c8e48,0x0000000789b00000)
 Metaspace       used 5702K, capacity 5870K, committed 6144K, reserved 1056768K
  class space    used 613K, capacity 676K, committed 768K, reserved 1048576K
Event: 50.125 GC heap after
Heap after GC invocations=16 (full 3):
 PSYoungGen      total 317440K, used 4816K [0x00000007aab00000, 0x00000007bfe00000, 0x00000007c0000000)
  eden space 312320K, 0% used [0x00000007aab00000,0x00000007aab00000,0x00000007bdc00000)
  from space 5120K, 94% used [0x00000007bdc00000,0x00000007be0b4010,0x00000007be100000)
  to   space 17408K, 0% used [0x00000007bed00000,0x00000007bed00000,0x00000007bfe00000)
 ParOldGen       total 197120K, used 160942K [0x0000000780000000, 0x000000078c080000, 0x00000007aab00000)
  object space 197120K, 81% used [0x0000000780000000,0x0000000789d2bbb8,0x000000078c080000)
 Metaspace       used 5702K, capacity 5870K, committed 6144K, reserved 1056768K
  class space    used 613K, capacity 676K, committed 768K, reserved 1048576K
}
Event: 50.125 GC heap before
{Heap before GC invocations=17 (full 4):
 PSYoungGen      total 317440K, used 4816K [0x00000007aab00000, 0x00000007bfe00000, 0x00000007c0000000)
  eden space 312320K, 0% used [0x00000007aab00000,0x00000007aab00000,0x00000007bdc00000)
  from space 5120K, 94% used [0x00000007bdc00000,0x00000007be0b4010,0x00000007be100000)
  to   space 17408K, 0% used [0x00000007bed00000,0x00000007bed00000,0x00000007bfe00000)
 ParOldGen       total 197120K, used 160942K [0x0000000780000000, 0x000000078c080000, 0x00000007aab00000)
  object space 197120K, 81% used [0x0000000780000000,0x0000000789d2bbb8,0x000000078c080000)
 Metaspace       used 5702K, capacity 5870K, committed 6144K, reserved 1056768K
  class space    used 613K, capacity 676K, committed 768K, reserved 1048576K
Event: 50.213 GC heap after
Heap after GC invocations=17 (full 4):
 PSYoungGen      total 317440K, used 0K [0x00000007aab00000, 0x00000007bfe00000, 0x00000007c0000000)
  eden space 312320K, 0% used [0x00000007aab00000,0x00000007aab00000,0x00000007bdc00000)
  from space 5120K, 0% used [0x00000007bdc00000,0x00000007bdc00000,0x00000007be100000)
  to   space 17408K, 0% used [0x00000007bed00000,0x00000007bed00000,0x00000007bfe00000)
 ParOldGen       total 213504K, used 108671K [0x0000000780000000, 0x000000078d080000, 0x00000007aab00000)
  object space 213504K, 50% used [0x0000000780000000,0x0000000786a1ff90,0x000000078d080000)
 Metaspace       used 5702K, capacity 5870K, committed 6144K, reserved 1056768K
  class space    used 613K, capacity 676K, committed 768K, reserved 1048576K
}
Event: 59.357 GC heap before
{Heap before GC invocations=18 (full 4):
 PSYoungGen      total 317440K, used 286545K [0x00000007aab00000, 0x00000007bfe00000, 0x00000007c0000000)
  eden space 312320K, 91% used [0x00000007aab00000,0x00000007bc2d4540,0x00000007bdc00000)
  from space 5120K, 0% used [0x00000007bdc00000,0x00000007bdc00000,0x00000007be100000)
  to   space 17408K, 0% used [0x00000007bed00000,0x00000007bed00000,0x00000007bfe00000)
 ParOldGen       total 213504K, used 108671K [0x0000000780000000, 0x000000078d080000, 0x00000007aab00000)
  object space 213504K, 50% used [0x0000000780000000,0x0000000786a1ff90,0x000000078d080000)
 Metaspace       used 5702K, capacity 5870K, committed 6144K, reserved 1056768K
  class space    used 613K, capacity 676K, committed 768K, reserved 1048576K
Event: 59.427 GC heap after
Heap after GC invocations=18 (full 4):
 PSYoungGen      total 330240K, used 128K [0x00000007aab00000, 0x00000007c0000000, 0x00000007c0000000)
  eden space 312832K, 0% used [0x00000007aab00000,0x00000007aab00000,0x00000007bdc80000)
  from space 17408K, 0% used [0x00000007bed00000,0x00000007bed20000,0x00000007bfe00000)
  to   space 16896K, 0% used [0x00000007bdc80000,0x00000007bdc80000,0x00000007bed00000)
 ParOldGen       total 213504K, used 185285K [0x0000000780000000, 0x000000078d080000, 0x00000007aab00000)
  object space 213504K, 86% used [0x0000000780000000,0x000000078b4f1660,0x000000078d080000)
 Metaspace       used 5702K, capacity 5870K, committed 6144K, reserved 1056768K
  class space    used 613K, capacity 676K, committed 768K, reserved 1048576K
}
Event: 59.427 GC heap before
{Heap before GC invocations=19 (full 5):
 PSYoungGen      total 330240K, used 128K [0x00000007aab00000, 0x00000007c0000000, 0x00000007c0000000)
  eden space 312832K, 0% used [0x00000007aab00000,0x00000007aab00000,0x00000007bdc80000)
  from space 17408K, 0% used [0x00000007bed00000,0x00000007bed20000,0x00000007bfe00000)
  to   space 16896K, 0% used [0x00000007bdc80000,0x00000007bdc80000,0x00000007bed00000)
 ParOldGen       total 213504K, used 185285K [0x0000000780000000, 0x000000078d080000, 0x00000007aab00000)
  object space 213504K, 86% used [0x0000000780000000,0x000000078b4f1660,0x000000078d080000)
 Metaspace       used 5702K, capacity 5870K, committed 6144K, reserved 1056768K
  class space    used 613K, capacity 676K, committed 768K, reserved 1048576K
Event: 59.464 GC heap after
Heap after GC invocations=19 (full 5):
 PSYoungGen      total 330240K, used 0K [0x00000007aab00000, 0x00000007c0000000, 0x00000007c0000000)
  eden space 312832K, 0% used [0x00000007aab00000,0x00000007aab00000,0x00000007bdc80000)
  from space 17408K, 0% used [0x00000007bed00000,0x00000007bed00000,0x00000007bfe00000)
  to   space 16896K, 0% used [0x00000007bdc80000,0x00000007bdc80000,0x00000007bed00000)
 ParOldGen       total 272384K, used 142534K [0x0000000780000000, 0x0000000790a00000, 0x00000007aab00000)
  object space 272384K, 52% used [0x0000000780000000,0x0000000788b31958,0x0000000790a00000)
 Metaspace       used 5702K, capacity 5870K, committed 6144K, reserved 1056768K
  class space    used 613K, capacity 676K, committed 768K, reserved 1048576K
}

Deoptimization events (10 events):
Event: 9.497 Thread 0x00007fb383006800 Uncommon trap: reason=bimorphic action=maybe_recompile pc=0x00000001112a23a4 method=java.util.regex.Pattern$Start.<init>(Ljava/util/regex/Pattern$Node;)V @ 22
Event: 9.497 Thread 0x00007fb383006800 Uncommon trap: reason=bimorphic action=maybe_recompile pc=0x00000001112e1db0 method=java.util.regex.Pattern$Curly.study(Ljava/util/regex/Pattern$TreeInfo;)Z @ 149
Event: 9.497 Thread 0x00007fb383006800 Uncommon trap: reason=class_check action=maybe_recompile pc=0x0000000111269c4c method=java.util.regex.Matcher.match(II)Z @ 86
Event: 9.497 Thread 0x00007fb383006800 Uncommon trap: reason=class_check action=maybe_recompile pc=0x000000011137e594 method=java.util.regex.Pattern$Curly.match0(Ljava/util/regex/Matcher;IILjava/lang/CharSequence;)Z @ 16
Event: 9.497 Thread 0x00007fb383006800 Uncommon trap: reason=class_check action=maybe_recompile pc=0x0000000111168d88 method=java.lang.String.equals(Ljava/lang/Object;)Z @ 8
Event: 26.986 Thread 0x00007fb383006800 Uncommon trap: reason=unstable_if action=reinterpret pc=0x000000011141111c method=java.time.LocalDate.toString()Ljava/lang/String; @ 37
Event: 27.014 Thread 0x00007fb383006800 Uncommon trap: reason=unstable_if action=reinterpret pc=0x00000001114092fc method=java.util.TreeMap.successor(Ljava/util/TreeMap$Entry;)Ljava/util/TreeMap$Entry; @ 43
Event: 27.014 Thread 0x00007fb383006800 Uncommon trap: reason=unstable_if action=reinterpret pc=0x000000011139aab8 method=java.util.TreeMap$PrivateEntryIterator.hasNext()Z @ 4
Event: 28.620 Thread 0x00007fb383006800 Uncommon trap: reason=unstable_if action=reinterpret pc=0x000000011142e090 method=org.bwillard.ccsf.course.cs211s.assn10.Eviction.toString()Ljava/lang/String; @ 487
Event: 28.620 Thread 0x00007fb383006800 Uncommon trap: reason=unstable_if action=reinterpret pc=0x0000000111405b48 method=java.lang.String.valueOf(Ljava/lang/Object;)Ljava/lang/String; @ 1

Internal exceptions (10 events):
Event: 0.109 Thread 0x00007fb383006800 Exception <a 'java/lang/NoSuchMethodError': Method sun.misc.Unsafe.defineClass(Ljava/lang/String;[BII)Ljava/lang/Class; name or signature does not match> (0x00000007aab12db0) thrown at [/Users/java_re/workspace/8-2-build-macosx-x86_64/jdk8u45/3457/hotspot
Event: 0.109 Thread 0x00007fb383006800 Exception <a 'java/lang/NoSuchMethodError': Method sun.misc.Unsafe.prefetchRead(Ljava/lang/Object;J)V name or signature does not match> (0x00000007aab13040) thrown at [/Users/java_re/workspace/8-2-build-macosx-x86_64/jdk8u45/3457/hotspot/src/share/vm/prim
Event: 0.299 Thread 0x00007fb383006800 Exception <a 'java/lang/NoSuchFieldError': method resolution failed> (0x00000007aad6fd40) thrown at [/Users/java_re/workspace/8-2-build-macosx-x86_64/jdk8u45/3457/hotspot/src/share/vm/prims/methodHandles.cpp, line 1125]
Event: 0.304 Thread 0x00007fb383006800 Exception <a 'java/lang/NoSuchFieldError': method resolution failed> (0x00000007aad7e490) thrown at [/Users/java_re/workspace/8-2-build-macosx-x86_64/jdk8u45/3457/hotspot/src/share/vm/prims/methodHandles.cpp, line 1125]
Event: 0.347 Thread 0x00007fb383006800 Exception <a 'java/security/PrivilegedActionException'> (0x00000007aae4d520) thrown at [/Users/java_re/workspace/8-2-build-macosx-x86_64/jdk8u45/3457/hotspot/src/share/vm/prims/jvm.cpp, line 1382]
Event: 0.347 Thread 0x00007fb383006800 Exception <a 'java/security/PrivilegedActionException'> (0x00000007aae4d6d8) thrown at [/Users/java_re/workspace/8-2-build-macosx-x86_64/jdk8u45/3457/hotspot/src/share/vm/prims/jvm.cpp, line 1382]
Event: 0.347 Thread 0x00007fb383006800 Exception <a 'java/security/PrivilegedActionException'> (0x00000007aae50a58) thrown at [/Users/java_re/workspace/8-2-build-macosx-x86_64/jdk8u45/3457/hotspot/src/share/vm/prims/jvm.cpp, line 1382]
Event: 0.347 Thread 0x00007fb383006800 Exception <a 'java/security/PrivilegedActionException'> (0x00000007aae50c10) thrown at [/Users/java_re/workspace/8-2-build-macosx-x86_64/jdk8u45/3457/hotspot/src/share/vm/prims/jvm.cpp, line 1382]
Event: 2.383 Thread 0x00007fb383006800 Implicit null exception at 0x000000011131426f to 0x0000000111314325
Event: 2.408 Thread 0x00007fb383006800 Implicit null exception at 0x000000011132f1ef to 0x000000011132f2a5

Events (10 events):
Event: 237.439 Executing VM operation: GetCurrentLocation
Event: 237.439 Executing VM operation: GetCurrentLocation done
Event: 237.439 Executing VM operation: EnterInterpOnlyMode
Event: 237.439 Executing VM operation: EnterInterpOnlyMode done
Event: 237.439 Executing VM operation: ChangeSingleStep
Event: 237.439 Executing VM operation: ChangeSingleStep done
Event: 237.440 Executing VM operation: ChangeSingleStep
Event: 237.440 Executing VM operation: ChangeSingleStep done
Event: 237.452 Executing VM operation: RedefineClasses
Event: 237.459 Executing VM operation: RedefineClasses done


Dynamic libraries:
0x0000000009252000 	/System/Library/Frameworks/Cocoa.framework/Versions/A/Cocoa
0x0000000009252000 	/System/Library/Frameworks/Security.framework/Versions/A/Security
0x0000000009252000 	/System/Library/Frameworks/ApplicationServices.framework/Versions/A/ApplicationServices
0x0000000009252000 	/usr/lib/libz.1.dylib
0x0000000009252000 	/usr/lib/libSystem.B.dylib
0x0000000009252000 	/usr/lib/libobjc.A.dylib
0x0000000009252000 	/System/Library/Frameworks/CoreFoundation.framework/Versions/A/CoreFoundation
0x0000000009252000 	/System/Library/Frameworks/Foundation.framework/Versions/C/Foundation
0x0000000009252000 	/System/Library/Frameworks/AppKit.framework/Versions/C/AppKit
0x0000000009252000 	/System/Library/Frameworks/CoreData.framework/Versions/A/CoreData
0x0000000009252000 	/System/Library/PrivateFrameworks/RemoteViewServices.framework/Versions/A/RemoteViewServices
0x0000000009252000 	/System/Library/PrivateFrameworks/UIFoundation.framework/Versions/A/UIFoundation
0x0000000009252000 	/usr/lib/libScreenReader.dylib
0x0000000009252000 	/System/Library/Frameworks/Accelerate.framework/Versions/A/Accelerate
0x0000000009252000 	/System/Library/Frameworks/IOSurface.framework/Versions/A/IOSurface
0x0000000009252000 	/System/Library/Frameworks/AudioToolbox.framework/Versions/A/AudioToolbox
0x0000000009252000 	/System/Library/Frameworks/AudioUnit.framework/Versions/A/AudioUnit
0x0000000009252000 	/System/Library/PrivateFrameworks/DataDetectorsCore.framework/Versions/A/DataDetectorsCore
0x0000000009252000 	/System/Library/PrivateFrameworks/DesktopServicesPriv.framework/Versions/A/DesktopServicesPriv
0x0000000009252000 	/System/Library/Frameworks/Carbon.framework/Versions/A/Frameworks/HIToolbox.framework/Versions/A/HIToolbox
0x0000000009252000 	/System/Library/Frameworks/QuartzCore.framework/Versions/A/QuartzCore
0x0000000009252000 	/System/Library/Frameworks/Carbon.framework/Versions/A/Frameworks/SpeechRecognition.framework/Versions/A/SpeechRecognition
0x0000000009252000 	/usr/lib/libauto.dylib
0x0000000009252000 	/usr/lib/libicucore.A.dylib
0x0000000009252000 	/usr/lib/libxml2.2.dylib
0x0000000009252000 	/System/Library/PrivateFrameworks/CoreUI.framework/Versions/A/CoreUI
0x0000000009252000 	/System/Library/Frameworks/CoreAudio.framework/Versions/A/CoreAudio
0x0000000009252000 	/System/Library/Frameworks/DiskArbitration.framework/Versions/A/DiskArbitration
0x0000000009252000 	/usr/lib/liblangid.dylib
0x0000000009252000 	/System/Library/PrivateFrameworks/MultitouchSupport.framework/Versions/A/MultitouchSupport
0x0000000009252000 	/System/Library/Frameworks/IOKit.framework/Versions/A/IOKit
0x0000000009252000 	/usr/lib/libDiagnosticMessagesClient.dylib
0x0000000009252000 	/System/Library/Frameworks/CoreServices.framework/Versions/A/CoreServices
0x0000000009252000 	/System/Library/PrivateFrameworks/PerformanceAnalysis.framework/Versions/A/PerformanceAnalysis
0x0000000009252000 	/System/Library/PrivateFrameworks/GenerationalStorage.framework/Versions/A/GenerationalStorage
0x0000000009252000 	/System/Library/Frameworks/OpenGL.framework/Versions/A/OpenGL
0x0000000009252000 	/System/Library/PrivateFrameworks/Sharing.framework/Versions/A/Sharing
0x0000000009252000 	/System/Library/Frameworks/CoreGraphics.framework/Versions/A/CoreGraphics
0x0000000009252000 	/System/Library/Frameworks/CoreImage.framework/Versions/A/CoreImage
0x0000000009252000 	/System/Library/Frameworks/CoreText.framework/Versions/A/CoreText
0x0000000009252000 	/System/Library/Frameworks/ImageIO.framework/Versions/A/ImageIO
0x0000000009252000 	/System/Library/PrivateFrameworks/Backup.framework/Versions/A/Backup
0x0000000009252000 	/usr/lib/libextension.dylib
0x0000000009252000 	/usr/lib/libarchive.2.dylib
0x0000000009252000 	/System/Library/Frameworks/CFNetwork.framework/Versions/A/CFNetwork
0x0000000009252000 	/System/Library/Frameworks/SystemConfiguration.framework/Versions/A/SystemConfiguration
0x0000000009252000 	/usr/lib/libCRFSuite.dylib
0x0000000009252000 	/usr/lib/libc++.1.dylib
0x0000000009252000 	/usr/lib/libc++abi.dylib
0x0000000009252000 	/usr/lib/system/libcache.dylib
0x0000000009252000 	/usr/lib/system/libcommonCrypto.dylib
0x0000000009252000 	/usr/lib/system/libcompiler_rt.dylib
0x0000000009252000 	/usr/lib/system/libcopyfile.dylib
0x0000000009252000 	/usr/lib/system/libcorecrypto.dylib
0x0000000009252000 	/usr/lib/system/libdispatch.dylib
0x0000000009252000 	/usr/lib/system/libdyld.dylib
0x0000000009252000 	/usr/lib/system/libkeymgr.dylib
0x0000000009252000 	/usr/lib/system/liblaunch.dylib
0x0000000009252000 	/usr/lib/system/libmacho.dylib
0x0000000009252000 	/usr/lib/system/libquarantine.dylib
0x0000000009252000 	/usr/lib/system/libremovefile.dylib
0x0000000009252000 	/usr/lib/system/libsystem_asl.dylib
0x0000000009252000 	/usr/lib/system/libsystem_blocks.dylib
0x0000000009252000 	/usr/lib/system/libsystem_c.dylib
0x0000000009252000 	/usr/lib/system/libsystem_configuration.dylib
0x0000000009252000 	/usr/lib/system/libsystem_coreservices.dylib
0x0000000009252000 	/usr/lib/system/libsystem_coretls.dylib
0x0000000009252000 	/usr/lib/system/libsystem_dnssd.dylib
0x0000000009252000 	/usr/lib/system/libsystem_info.dylib
0x0000000009252000 	/usr/lib/system/libsystem_kernel.dylib
0x0000000009252000 	/usr/lib/system/libsystem_m.dylib
0x0000000009252000 	/usr/lib/system/libsystem_malloc.dylib
0x0000000009252000 	/usr/lib/system/libsystem_network.dylib
0x0000000009252000 	/usr/lib/system/libsystem_networkextension.dylib
0x0000000009252000 	/usr/lib/system/libsystem_notify.dylib
0x0000000009252000 	/usr/lib/system/libsystem_platform.dylib
0x0000000009252000 	/usr/lib/system/libsystem_pthread.dylib
0x0000000009252000 	/usr/lib/system/libsystem_sandbox.dylib
0x0000000009252000 	/usr/lib/system/libsystem_secinit.dylib
0x0000000009252000 	/usr/lib/system/libsystem_trace.dylib
0x0000000009252000 	/usr/lib/system/libunc.dylib
0x0000000009252000 	/usr/lib/system/libunwind.dylib
0x0000000009252000 	/usr/lib/system/libxpc.dylib
0x0000000009252000 	/usr/lib/libenergytrace.dylib
0x0000000009252000 	/usr/lib/libbsm.0.dylib
0x0000000009252000 	/usr/lib/system/libkxld.dylib
0x0000000009252000 	/usr/lib/libxar.1.dylib
0x0000000009252000 	/usr/lib/libsqlite3.dylib
0x0000000009252000 	/usr/lib/libpam.2.dylib
0x0000000009252000 	/usr/lib/libOpenScriptingUtil.dylib
0x0000000009252000 	/usr/lib/libbz2.1.0.dylib
0x0000000009252000 	/usr/lib/liblzma.5.dylib
0x0000000009252000 	/System/Library/Frameworks/CoreServices.framework/Versions/A/Frameworks/FSEvents.framework/Versions/A/FSEvents
0x0000000009252000 	/System/Library/Frameworks/CoreServices.framework/Versions/A/Frameworks/CarbonCore.framework/Versions/A/CarbonCore
0x0000000009252000 	/System/Library/Frameworks/CoreServices.framework/Versions/A/Frameworks/Metadata.framework/Versions/A/Metadata
0x0000000009252000 	/System/Library/Frameworks/CoreServices.framework/Versions/A/Frameworks/OSServices.framework/Versions/A/OSServices
0x0000000009252000 	/System/Library/Frameworks/CoreServices.framework/Versions/A/Frameworks/SearchKit.framework/Versions/A/SearchKit
0x0000000009252000 	/System/Library/Frameworks/CoreServices.framework/Versions/A/Frameworks/AE.framework/Versions/A/AE
0x0000000009252000 	/System/Library/Frameworks/CoreServices.framework/Versions/A/Frameworks/LaunchServices.framework/Versions/A/LaunchServices
0x0000000009252000 	/System/Library/Frameworks/CoreServices.framework/Versions/A/Frameworks/DictionaryServices.framework/Versions/A/DictionaryServices
0x0000000009252000 	/System/Library/Frameworks/CoreServices.framework/Versions/A/Frameworks/SharedFileList.framework/Versions/A/SharedFileList
0x0000000009252000 	/System/Library/Frameworks/NetFS.framework/Versions/A/NetFS
0x0000000009252000 	/System/Library/PrivateFrameworks/NetAuth.framework/Versions/A/NetAuth
0x0000000009252000 	/System/Library/PrivateFrameworks/login.framework/Versions/A/Frameworks/loginsupport.framework/Versions/A/loginsupport
0x0000000009252000 	/System/Library/PrivateFrameworks/TCC.framework/Versions/A/TCC
0x0000000009252000 	/usr/lib/libmecabra.dylib
0x0000000009252000 	/System/Library/Frameworks/ApplicationServices.framework/Versions/A/Frameworks/ATS.framework/Versions/A/ATS
0x0000000009252000 	/System/Library/Frameworks/ApplicationServices.framework/Versions/A/Frameworks/ColorSync.framework/Versions/A/ColorSync
0x0000000009252000 	/System/Library/Frameworks/ApplicationServices.framework/Versions/A/Frameworks/HIServices.framework/Versions/A/HIServices
0x0000000009252000 	/System/Library/Frameworks/ApplicationServices.framework/Versions/A/Frameworks/LangAnalysis.framework/Versions/A/LangAnalysis
0x0000000009252000 	/System/Library/Frameworks/ApplicationServices.framework/Versions/A/Frameworks/PrintCore.framework/Versions/A/PrintCore
0x0000000009252000 	/System/Library/Frameworks/ApplicationServices.framework/Versions/A/Frameworks/QD.framework/Versions/A/QD
0x0000000009252000 	/System/Library/Frameworks/ApplicationServices.framework/Versions/A/Frameworks/SpeechSynthesis.framework/Versions/A/SpeechSynthesis
0x0000000009252000 	/System/Library/Frameworks/Metal.framework/Versions/A/Metal
0x0000000009252000 	/System/Library/Frameworks/Accelerate.framework/Versions/A/Frameworks/vImage.framework/Versions/A/vImage
0x0000000009252000 	/System/Library/Frameworks/Accelerate.framework/Versions/A/Frameworks/vecLib.framework/Versions/A/vecLib
0x0000000009252000 	/System/Library/Frameworks/Accelerate.framework/Versions/A/Frameworks/vecLib.framework/Versions/A/libvDSP.dylib
0x0000000009252000 	/System/Library/Frameworks/Accelerate.framework/Versions/A/Frameworks/vecLib.framework/Versions/A/libvMisc.dylib
0x0000000009252000 	/System/Library/Frameworks/Accelerate.framework/Versions/A/Frameworks/vecLib.framework/Versions/A/libLAPACK.dylib
0x0000000009252000 	/System/Library/Frameworks/Accelerate.framework/Versions/A/Frameworks/vecLib.framework/Versions/A/libBLAS.dylib
0x0000000009252000 	/System/Library/Frameworks/Accelerate.framework/Versions/A/Frameworks/vecLib.framework/Versions/A/libLinearAlgebra.dylib
0x0000000009252000 	/System/Library/Frameworks/Accelerate.framework/Versions/A/Frameworks/vecLib.framework/Versions/A/libSparseBLAS.dylib
0x0000000009252000 	/System/Library/PrivateFrameworks/GPUCompiler.framework/libmetal_timestamp.dylib
0x0000000009252000 	/System/Library/Frameworks/OpenGL.framework/Versions/A/Libraries/libCoreFSCache.dylib
0x0000000009252000 	/System/Library/PrivateFrameworks/IOAccelerator.framework/Versions/A/IOAccelerator
0x0000000009252000 	/System/Library/Frameworks/ApplicationServices.framework/Versions/A/Frameworks/ATS.framework/Versions/A/Resources/libFontParser.dylib
0x0000000009252000 	/System/Library/Frameworks/ApplicationServices.framework/Versions/A/Frameworks/ATS.framework/Versions/A/Resources/libFontRegistry.dylib
0x0000000009252000 	/System/Library/PrivateFrameworks/AppleVPA.framework/Versions/A/AppleVPA
0x0000000009252000 	/System/Library/PrivateFrameworks/AppleJPEG.framework/Versions/A/AppleJPEG
0x0000000009252000 	/System/Library/Frameworks/ImageIO.framework/Versions/A/Resources/libJPEG.dylib
0x0000000009252000 	/System/Library/Frameworks/ImageIO.framework/Versions/A/Resources/libTIFF.dylib
0x0000000009252000 	/System/Library/Frameworks/ImageIO.framework/Versions/A/Resources/libPng.dylib
0x0000000009252000 	/System/Library/Frameworks/ImageIO.framework/Versions/A/Resources/libGIF.dylib
0x0000000009252000 	/System/Library/Frameworks/ImageIO.framework/Versions/A/Resources/libJP2.dylib
0x0000000009252000 	/System/Library/Frameworks/ImageIO.framework/Versions/A/Resources/libRadiance.dylib
0x0000000009252000 	/System/Library/Frameworks/CoreVideo.framework/Versions/A/CoreVideo
0x0000000009252000 	/System/Library/Frameworks/OpenGL.framework/Versions/A/Libraries/libGLU.dylib
0x0000000009252000 	/System/Library/Frameworks/OpenGL.framework/Versions/A/Libraries/libGFXShared.dylib
0x0000000009252000 	/System/Library/Frameworks/OpenGL.framework/Versions/A/Libraries/libGL.dylib
0x0000000009252000 	/System/Library/Frameworks/OpenGL.framework/Versions/A/Libraries/libGLImage.dylib
0x0000000009252000 	/System/Library/Frameworks/OpenGL.framework/Versions/A/Libraries/libCVMSPluginSupport.dylib
0x0000000009252000 	/System/Library/Frameworks/OpenGL.framework/Versions/A/Libraries/libCoreVMClient.dylib
0x0000000009252000 	/usr/lib/libcups.2.dylib
0x0000000009252000 	/System/Library/Frameworks/Kerberos.framework/Versions/A/Kerberos
0x0000000009252000 	/System/Library/Frameworks/GSS.framework/Versions/A/GSS
0x0000000009252000 	/usr/lib/libresolv.9.dylib
0x0000000009252000 	/usr/lib/libiconv.2.dylib
0x0000000009252000 	/System/Library/PrivateFrameworks/Heimdal.framework/Versions/A/Heimdal
0x0000000009252000 	/usr/lib/libheimdal-asn1.dylib
0x0000000009252000 	/System/Library/Frameworks/OpenDirectory.framework/Versions/A/OpenDirectory
0x0000000009252000 	/System/Library/PrivateFrameworks/CommonAuth.framework/Versions/A/CommonAuth
0x0000000009252000 	/System/Library/Frameworks/OpenDirectory.framework/Versions/A/Frameworks/CFOpenDirectory.framework/Versions/A/CFOpenDirectory
0x0000000009252000 	/System/Library/Frameworks/SecurityFoundation.framework/Versions/A/SecurityFoundation
0x0000000009252000 	/System/Library/PrivateFrameworks/LanguageModeling.framework/Versions/A/LanguageModeling
0x0000000009252000 	/usr/lib/libmarisa.dylib
0x0000000009252000 	/usr/lib/libChineseTokenizer.dylib
0x0000000009252000 	/usr/lib/libcmph.dylib
0x0000000009252000 	/usr/lib/libcompression.dylib
0x0000000009252000 	/System/Library/Frameworks/ServiceManagement.framework/Versions/A/ServiceManagement
0x0000000009252000 	/usr/lib/libxslt.1.dylib
0x0000000009252000 	/System/Library/Frameworks/Carbon.framework/Versions/A/Frameworks/Ink.framework/Versions/A/Ink
0x0000000009252000 	/usr/lib/libFosl_dynamic.dylib
0x0000000009252000 	/System/Library/PrivateFrameworks/FaceCore.framework/Versions/A/FaceCore
0x0000000009252000 	/System/Library/Frameworks/OpenCL.framework/Versions/A/OpenCL
0x0000000009252000 	/System/Library/PrivateFrameworks/CrashReporterSupport.framework/Versions/A/CrashReporterSupport
0x0000000009252000 	/System/Library/PrivateFrameworks/IconServices.framework/Versions/A/IconServices
0x0000000009252000 	/System/Library/PrivateFrameworks/Apple80211.framework/Versions/A/Apple80211
0x0000000009252000 	/System/Library/Frameworks/CoreWLAN.framework/Versions/A/CoreWLAN
0x0000000009252000 	/System/Library/Frameworks/IOBluetooth.framework/Versions/A/IOBluetooth
0x0000000009252000 	/System/Library/PrivateFrameworks/CoreWiFi.framework/Versions/A/CoreWiFi
0x0000000009252000 	/System/Library/Frameworks/CoreBluetooth.framework/Versions/A/CoreBluetooth
0x0000000009252000 	/System/Library/PrivateFrameworks/ChunkingLibrary.framework/Versions/A/ChunkingLibrary
0x0000000009252000 	/System/Library/PrivateFrameworks/DebugSymbols.framework/Versions/A/DebugSymbols
0x0000000009252000 	/System/Library/PrivateFrameworks/CoreSymbolication.framework/Versions/A/CoreSymbolication
0x0000000009252000 	/System/Library/PrivateFrameworks/Symbolication.framework/Versions/A/Symbolication
0x0000000009252000 	/System/Library/PrivateFrameworks/SpeechRecognitionCore.framework/Versions/A/SpeechRecognitionCore
0x0000000110000000 	/Library/Java/JavaVirtualMachines/jdk1.8.0_45.jdk/Contents/Home/jre/lib/server/libjvm.dylib
0x0000000009252000 	/usr/lib/libstdc++.6.dylib
0x000000010efde000 	/Library/Java/JavaVirtualMachines/jdk1.8.0_45.jdk/Contents/Home/jre/lib/libverify.dylib
0x0000000110f69000 	/Library/Java/JavaVirtualMachines/jdk1.8.0_45.jdk/Contents/Home/jre/lib/libjava.dylib
0x0000000110f9e000 	/Library/Java/JavaVirtualMachines/jdk1.8.0_45.jdk/Contents/Home/jre/lib/libjdwp.dylib
0x000000010efed000 	/Library/Java/JavaVirtualMachines/jdk1.8.0_45.jdk/Contents/Home/jre/lib/libnpt.dylib
0x0000000110fe9000 	/Library/Java/JavaVirtualMachines/jdk1.8.0_45.jdk/Contents/Home/jre/lib/libzip.dylib
0x000000012506b000 	/System/Library/Frameworks/JavaVM.framework/Frameworks/JavaRuntimeSupport.framework/JavaRuntimeSupport
0x0000000125086000 	/System/Library/Frameworks/JavaVM.framework/Versions/A/Frameworks/JavaNativeFoundation.framework/Versions/A/JavaNativeFoundation
0x000000012509b000 	/System/Library/Frameworks/JavaVM.framework/Versions/A/JavaVM
0x0000000009252000 	/System/Library/Frameworks/Carbon.framework/Versions/A/Carbon
0x00000001250a8000 	/System/Library/PrivateFrameworks/JavaLaunching.framework/Versions/A/JavaLaunching
0x0000000009252000 	/System/Library/Frameworks/Carbon.framework/Versions/A/Frameworks/CommonPanels.framework/Versions/A/CommonPanels
0x0000000009252000 	/System/Library/Frameworks/Carbon.framework/Versions/A/Frameworks/Help.framework/Versions/A/Help
0x0000000009252000 	/System/Library/Frameworks/Carbon.framework/Versions/A/Frameworks/ImageCapture.framework/Versions/A/ImageCapture
0x0000000009252000 	/System/Library/Frameworks/Carbon.framework/Versions/A/Frameworks/OpenScripting.framework/Versions/A/OpenScripting
0x0000000009252000 	/System/Library/Frameworks/Carbon.framework/Versions/A/Frameworks/Print.framework/Versions/A/Print
0x0000000009252000 	/System/Library/Frameworks/Carbon.framework/Versions/A/Frameworks/SecurityHI.framework/Versions/A/SecurityHI
0x00000001269c5000 	/Library/Java/JavaVirtualMachines/jdk1.8.0_45.jdk/Contents/Home/jre/lib/libdt_socket.dylib

VM Arguments:
jvm_args: -agentlib:jdwp=transport=dt_socket,suspend=y,address=localhost:54138 -Dfile.encoding=UTF-8 
java_command: org.bwillard.ccsf.course.cs211s.assn10.EvictionsReader
java_class_path (initial): /Users/bradleywillard/Documents/workspace/CS211S/bin
Launcher Type: SUN_STANDARD

Environment Variables:
PATH=/usr/bin:/bin:/usr/sbin:/sbin
SHELL=/bin/bash

Signal Handlers:
SIGSEGV: [libjvm.dylib+0x58ef95], sa_mask[0]=11111111011111110111111111111111, sa_flags=SA_ONSTACK|SA_RESTART|SA_SIGINFO
SIGBUS: [libjvm.dylib+0x58ef95], sa_mask[0]=11111111011111110111111111111111, sa_flags=SA_RESTART|SA_SIGINFO
SIGFPE: [libjvm.dylib+0x46c108], sa_mask[0]=11111111011111110111111111111111, sa_flags=SA_RESTART|SA_SIGINFO
SIGPIPE: [libjvm.dylib+0x46c108], sa_mask[0]=11111111011111110111111111111111, sa_flags=SA_RESTART|SA_SIGINFO
SIGXFSZ: [libjvm.dylib+0x46c108], sa_mask[0]=11111111011111110111111111111111, sa_flags=SA_RESTART|SA_SIGINFO
SIGILL: [libjvm.dylib+0x46c108], sa_mask[0]=11111111011111110111111111111111, sa_flags=SA_RESTART|SA_SIGINFO
SIGUSR1: SIG_DFL, sa_mask[0]=00000000000000000000000000000000, sa_flags=none
SIGUSR2: [libjvm.dylib+0x46bc26], sa_mask[0]=00100000000000000000000000000000, sa_flags=SA_RESTART|SA_SIGINFO
SIGHUP: [libjvm.dylib+0x46a1f9], sa_mask[0]=11111111011111110111111111111111, sa_flags=SA_RESTART|SA_SIGINFO
SIGINT: [libjvm.dylib+0x46a1f9], sa_mask[0]=11111111011111110111111111111111, sa_flags=SA_RESTART|SA_SIGINFO
SIGTERM: [libjvm.dylib+0x46a1f9], sa_mask[0]=11111111011111110111111111111111, sa_flags=SA_RESTART|SA_SIGINFO
SIGQUIT: [libjvm.dylib+0x46a1f9], sa_mask[0]=11111111011111110111111111111111, sa_flags=SA_RESTART|SA_SIGINFO


---------------  S Y S T E M  ---------------

OS:Bsduname:Darwin 15.3.0 Darwin Kernel Version 15.3.0: Thu Dec 10 18:40:58 PST 2015; root:xnu-3248.30.4~1/RELEASE_X86_64 x86_64
rlimit: STACK 8192k, CORE 0k, NPROC 709, NOFILE 10240, AS infinity
load average:1.68 2.63 3.25

CPU:total 8 (4 cores per cpu, 2 threads per core) family 6 model 42 stepping 7, cmov, cx8, fxsr, mmx, sse, sse2, sse3, ssse3, sse4.1, sse4.2, popcnt, avx, aes, clmul, ht, tsc, tscinvbit

Memory: 4k page, physical 4194304k(15256k free)

/proc/meminfo:


vm_info: Java HotSpot(TM) 64-Bit Server VM (25.45-b02) for bsd-amd64 JRE (1.8.0_45-b14), built on Apr 10 2015 10:46:38 by "java_re" with gcc 4.2.1 (Based on Apple Inc. build 5658) (LLVM build 2336.11.00)

time: Wed Apr 20 20:39:19 2016
elapsed time: 237 seconds (0d 0h 3m 57s)

