#
# A fatal error has been detected by the Java Runtime Environment:
#
#  SIGSEGV (0xb) at pc=0x000000010ed70662, pid=11701, tid=18947
#
# JRE version: Java(TM) SE Runtime Environment (8.0_45-b14) (build 1.8.0_45-b14)
# Java VM: Java HotSpot(TM) 64-Bit Server VM (25.45-b02 mixed mode bsd-amd64 compressed oops)
# Problematic frame:
# V  [libjvm.dylib+0x370662]  JvmtiEnv::GetClassMethods(oopDesc*, int*, _jmethodID***)+0x122
#
# Failed to write core dump. Core dumps have been disabled. To enable core dumping, try "ulimit -c unlimited" before starting Java again
#
# If you would like to submit a bug report, please visit:
#   http://bugreport.java.com/bugreport/crash.jsp
#

---------------  T H R E A D  ---------------

Current thread (0x00007fad39063000):  JavaThread "JDWP Transport Listener: dt_socket" daemon [_thread_in_vm, id=18947, stack(0x0000700000ec4000,0x0000700000fc4000)]

siginfo: si_signo: 11 (SIGSEGV), si_code: 1 (SEGV_MAPERR), si_addr: 0x00007fae44222f60

Registers:
RAX=0x00007fad38e222e8, RBX=0x00000007c0060028, RCX=0x0000000000000001, RDX=0x00007fad38c1f2a0
RSP=0x0000700000fc3970, RBP=0x0000700000fc39f0, RSI=0x0000000000000000, RDI=0x00007fad38c1f280
R8 =0x0000700000fc38e0, R9 =0x0000700000fc38d8, R10=0x00007fad38e22d10, R11=0x00007fad38e00000
R12=0x0000000000000007, R13=0x0000000021680058, R14=0x000000000000000e, R15=0x00007fad38e22ca0
RIP=0x000000010ed70662, EFLAGS=0x0000000000010202, ERR=0x0000000000000006
  TRAPNO=0x000000000000000e

Top of Stack: (sp=0x0000700000fc3970)
0x0000700000fc3970:   0000700000fc3980 000000000000000e
0x0000700000fc3980:   0000700000fc3a84 0000700000fc3a78
0x0000700000fc3990:   00007fad39063000 00007fad38c1bd90
0x0000700000fc39a0:   00007fad38c1f190 00007fad38c1f1a0
0x0000700000fc39b0:   00007fad38c1f278 00000000000000d8
0x0000700000fc39c0:   0000700000fc3db0 0000700000fc3a78
0x0000700000fc39d0:   00007fad3a802d70 00007fad39063000
0x0000700000fc39e0:   0000700000fc3a84 00000007aabf10a0
0x0000700000fc39f0:   0000700000fc3a60 000000010ed44fc7
0x0000700000fc3a00:   00007fad39063000 00007fad39063000
0x0000700000fc3a10:   0000000000000000 0000700000000000
0x0000700000fc3a20:   0000000000000000 00007fad39063000
0x0000700000fc3a30:   00007fad39063000 0000000000000001
0x0000700000fc3a40:   00007fad38e1c1d8 00007fad38c27cc0
0x0000700000fc3a50:   0000700000fc3b08 0000700000fc3c90
0x0000700000fc3a60:   0000700000fc3ad0 000000010d8dd195
0x0000700000fc3a70:   0000700000fc3aa0 0000000000000000
0x0000700000fc3a80:   0000000000000032 0000700000fc3b08
0x0000700000fc3a90:   0000700000fc3b08 000000010d90b598
0x0000700000fc3aa0:   0000700000fc3ac0 0000700000fc3c90
0x0000700000fc3ab0:   000000010d8ffe7a 00007fad38c27cc0
0x0000700000fc3ac0:   0000700000fc3b08 000000010d90b598
0x0000700000fc3ad0:   0000700000fc3ae0 000000010d8dd2ec
0x0000700000fc3ae0:   0000700000fc3d00 000000010d8e6898
0x0000700000fc3af0:   000001bf00000013 00000000000f0200
0x0000700000fc3b00:   00007fad38c27f50 0000700000fc3b58
0x0000700000fc3b10:   00007fad0000012c 0000700000fc3b20
0x0000700000fc3b20:   0000000000000000 0000700000fc3b58
0x0000700000fc3b30:   0000000000000000 0000000000000000
0x0000700000fc3b40:   000001bf0000001c 00007fff0000d380
0x0000700000fc3b50:   0000700000fc3b58 0000000101000000
0x0000700000fc3b60:   0000000e00000000 632f667363632f07 

Instructions: (pc=0x000000010ed70662)
0x000000010ed70642:   45 31 e4 48 8b 83 80 01 00 00 48 8b 8b a0 01 00
0x000000010ed70652:   00 4e 63 6c a1 04 4a 8b 7c e0 08 e8 ee 7a fa ff
0x000000010ed70662:   4b 89 04 ef 49 ff c4 4d 39 e6 75 d7 48 8b 45 88
0x000000010ed70672:   48 8b 55 90 89 02 48 8b 4d 98 4c 89 39 31 db 48 

Register to memory mapping:

RAX=0x00007fad38e222e8 is an unknown value
RBX=0x00000007c0060028 is pointing into metadata
RCX=0x0000000000000001 is an unknown value
RDX=0x00007fad38c1f2a0 is an unknown value
RSP=0x0000700000fc3970 is pointing into the stack for thread: 0x00007fad39063000
RBP=0x0000700000fc39f0 is pointing into the stack for thread: 0x00007fad39063000
RSI=0x0000000000000000 is an unknown value
RDI=0x00007fad38c1f280 is an unknown value
R8 =0x0000700000fc38e0 is pointing into the stack for thread: 0x00007fad39063000
R9 =0x0000700000fc38d8 is pointing into the stack for thread: 0x00007fad39063000
R10=0x00007fad38e22d10 is an unknown value
R11=0x00007fad38e00000 is an unknown value
R12=0x0000000000000007 is an unknown value
R13=0x0000000021680058 is an unknown value
R14=0x000000000000000e is an unknown value
R15=0x00007fad38e22ca0 is an unknown value


Stack: [0x0000700000ec4000,0x0000700000fc4000],  sp=0x0000700000fc3970,  free space=1022k
Native frames: (J=compiled Java code, j=interpreted, Vv=VM code, C=native code)
V  [libjvm.dylib+0x370662]  JvmtiEnv::GetClassMethods(oopDesc*, int*, _jmethodID***)+0x122
V  [libjvm.dylib+0x344fc7]  jvmti_GetClassMethods+0x130
C  [libjdwp.dylib+0x5195]  methods1+0xad
C  [libjdwp.dylib+0x52ec]  methodsWithGeneric+0xe
C  [libjdwp.dylib+0xe898]  debugLoop_run+0x1ce
C  [libjdwp.dylib+0x1f6ba]  attachThread+0x4d
V  [libjvm.dylib+0x38401c]  JvmtiAgentThread::call_start_function()+0x38
V  [libjvm.dylib+0x549acf]  JavaThread::thread_main_inner()+0x9b
V  [libjvm.dylib+0x54b1c0]  JavaThread::run()+0x1c2
V  [libjvm.dylib+0x46ea7e]  java_start(Thread*)+0xf6
C  [libsystem_pthread.dylib+0x3c13]  _pthread_body+0x83
C  [libsystem_pthread.dylib+0x3b90]  _pthread_body+0x0
C  [libsystem_pthread.dylib+0x1375]  thread_start+0xd
C  0x0000000000000000


---------------  P R O C E S S  ---------------

Java Threads: ( => current thread )
  0x00007fad3a017000 JavaThread "Service Thread" daemon [_thread_blocked, id=22531, stack(0x00007000015d9000,0x00007000016d9000)]
  0x00007fad3c000000 JavaThread "C1 CompilerThread3" daemon [_thread_blocked, id=22019, stack(0x00007000014d6000,0x00007000015d6000)]
  0x00007fad3b801000 JavaThread "C2 CompilerThread2" daemon [_thread_blocked, id=21507, stack(0x00007000013d3000,0x00007000014d3000)]
  0x00007fad39064000 JavaThread "C2 CompilerThread1" daemon [_thread_blocked, id=20995, stack(0x00007000012d0000,0x00007000013d0000)]
  0x00007fad39057800 JavaThread "C2 CompilerThread0" daemon [_thread_blocked, id=20483, stack(0x00007000011cd000,0x00007000012cd000)]
  0x00007fad3a002000 JavaThread "JDWP Command Reader" daemon [_thread_in_native, id=19971, stack(0x00007000010ca000,0x00007000011ca000)]
  0x00007fad3904c800 JavaThread "JDWP Event Helper Thread" daemon [_thread_blocked, id=19459, stack(0x0000700000fc7000,0x00007000010c7000)]
=>0x00007fad39063000 JavaThread "JDWP Transport Listener: dt_socket" daemon [_thread_in_vm, id=18947, stack(0x0000700000ec4000,0x0000700000fc4000)]
  0x00007fad3b004800 JavaThread "Signal Dispatcher" daemon [_thread_blocked, id=14863, stack(0x0000700000dc1000,0x0000700000ec1000)]
  0x00007fad3a00e800 JavaThread "Finalizer" daemon [_thread_blocked, id=14339, stack(0x0000700000c3b000,0x0000700000d3b000)]
  0x00007fad3a00d800 JavaThread "Reference Handler" daemon [_thread_blocked, id=13827, stack(0x0000700000b38000,0x0000700000c38000)]
  0x00007fad3a001000 JavaThread "main" [_thread_blocked, id=5891, stack(0x000070000011a000,0x000070000021a000)]

Other Threads:
  0x00007fad3a00b000 VMThread [stack: 0x0000700000a35000,0x0000700000b35000] [id=13315]
  0x00007fad3b007800 WatcherThread [stack: 0x00007000016dc000,0x00007000017dc000] [id=23043]

VM state:not at safepoint (normal execution)

VM Mutex/Monitor currently owned by a thread: None

Heap:
 PSYoungGen      total 18944K, used 1638K [0x00000007aab00000, 0x00000007ac000000, 0x00000007c0000000)
  eden space 16384K, 10% used [0x00000007aab00000,0x00000007aac99ac8,0x00000007abb00000)
  from space 2560K, 0% used [0x00000007abd80000,0x00000007abd80000,0x00000007ac000000)
  to   space 2560K, 0% used [0x00000007abb00000,0x00000007abb00000,0x00000007abd80000)
 ParOldGen       total 44032K, used 0K [0x0000000780000000, 0x0000000782b00000, 0x00000007aab00000)
  object space 44032K, 0% used [0x0000000780000000,0x0000000780000000,0x0000000782b00000)
 Metaspace       used 2821K, capacity 4562K, committed 4864K, reserved 1056768K
  class space    used 299K, capacity 386K, committed 512K, reserved 1048576K

Card table byte_map: [0x000000011ed29000,0x000000011ef2a000] byte_map_base: 0x000000011b129000

Marking Bits: (ParMarkBitMap*) 0x000000010f2c27a0
 Begin Bits: [0x000000011f080000, 0x0000000120080000)
 End Bits:   [0x0000000120080000, 0x0000000121080000)

Polling page: 0x000000010d8d7000

CodeCache: size=245760Kb used=1138Kb max_used=1138Kb free=244621Kb
 bounds [0x000000010f969000, 0x000000010fbd9000, 0x000000011e969000]
 total_blobs=266 nmethods=34 adapters=154
 compilation: enabled

Compilation events (10 events):
Event: 0.359 Thread 0x00007fad3c000000   30       3       java.lang.String::getChars (62 bytes)
Event: 0.359 Thread 0x00007fad3c000000 nmethod 30 0x000000010fa83c10 code [0x000000010fa83de0, 0x000000010fa84278]
Event: 0.361 Thread 0x00007fad3c000000   31       1       java.lang.ThreadLocal::access$400 (5 bytes)
Event: 0.361 Thread 0x00007fad3c000000 nmethod 31 0x000000010fa84cd0 code [0x000000010fa84e20, 0x000000010fa84f10]
Event: 0.362 Thread 0x00007fad3c000000   32       3       java.util.HashMap::newNode (13 bytes)
Event: 0.362 Thread 0x00007fad3c000000 nmethod 32 0x000000010fa84f90 code [0x000000010fa85100, 0x000000010fa853b0]
Event: 0.362 Thread 0x00007fad3c000000   33       3       java.util.HashMap::afterNodeInsertion (1 bytes)
Event: 0.362 Thread 0x00007fad3c000000 nmethod 33 0x000000010fa85510 code [0x000000010fa85660, 0x000000010fa857b0]
Event: 0.364 Thread 0x00007fad3c000000   34       3       java.lang.System::getSecurityManager (4 bytes)
Event: 0.364 Thread 0x00007fad3c000000 nmethod 34 0x000000010fa85810 code [0x000000010fa85960, 0x000000010fa85ab0]

GC Heap History (0 events):
No events

Deoptimization events (0 events):
No events

Internal exceptions (2 events):
Event: 0.118 Thread 0x00007fad3a001000 Exception <a 'java/lang/NoSuchMethodError': Method sun.misc.Unsafe.defineClass(Ljava/lang/String;[BII)Ljava/lang/Class; name or signature does not match> (0x00000007aab12db0) thrown at [/Users/java_re/workspace/8-2-build-macosx-x86_64/jdk8u45/3457/hotspot
Event: 0.118 Thread 0x00007fad3a001000 Exception <a 'java/lang/NoSuchMethodError': Method sun.misc.Unsafe.prefetchRead(Ljava/lang/Object;J)V name or signature does not match> (0x00000007aab13040) thrown at [/Users/java_re/workspace/8-2-build-macosx-x86_64/jdk8u45/3457/hotspot/src/share/vm/prim

Events (10 events):
Event: 0.362 loading class java/util/concurrent/ConcurrentHashMap$ForwardingNode
Event: 0.362 loading class java/util/concurrent/ConcurrentHashMap$ForwardingNode done
Event: 0.364 loading class java/lang/Void
Event: 0.365 loading class java/lang/Void done
Event: 4.325 Executing VM operation: EnableBiasedLocking
Event: 4.326 Executing VM operation: EnableBiasedLocking done
Event: 12.773 loading class java/io/IOException
Event: 12.773 loading class java/io/IOException done
Event: 12.793 Executing VM operation: RedefineClasses
Event: 12.793 Executing VM operation: RedefineClasses done


Dynamic libraries:
0x0000000009252000 	/System/Library/Frameworks/Cocoa.framework/Versions/A/Cocoa
0x0000000009252000 	/System/Library/Frameworks/Security.framework/Versions/A/Security
0x0000000009252000 	/System/Library/Frameworks/ApplicationServices.framework/Versions/A/ApplicationServices
0x0000000009252000 	/usr/lib/libz.1.dylib
0x0000000009252000 	/usr/lib/libSystem.B.dylib
0x0000000009252000 	/usr/lib/libobjc.A.dylib
0x0000000009252000 	/System/Library/Frameworks/CoreFoundation.framework/Versions/A/CoreFoundation
0x0000000009252000 	/System/Library/Frameworks/Foundation.framework/Versions/C/Foundation
0x0000000009252000 	/System/Library/Frameworks/AppKit.framework/Versions/C/AppKit
0x0000000009252000 	/System/Library/Frameworks/CoreData.framework/Versions/A/CoreData
0x0000000009252000 	/System/Library/PrivateFrameworks/RemoteViewServices.framework/Versions/A/RemoteViewServices
0x0000000009252000 	/System/Library/PrivateFrameworks/UIFoundation.framework/Versions/A/UIFoundation
0x0000000009252000 	/usr/lib/libScreenReader.dylib
0x0000000009252000 	/System/Library/Frameworks/Accelerate.framework/Versions/A/Accelerate
0x0000000009252000 	/System/Library/Frameworks/IOSurface.framework/Versions/A/IOSurface
0x0000000009252000 	/System/Library/Frameworks/AudioToolbox.framework/Versions/A/AudioToolbox
0x0000000009252000 	/System/Library/Frameworks/AudioUnit.framework/Versions/A/AudioUnit
0x0000000009252000 	/System/Library/PrivateFrameworks/DataDetectorsCore.framework/Versions/A/DataDetectorsCore
0x0000000009252000 	/System/Library/PrivateFrameworks/DesktopServicesPriv.framework/Versions/A/DesktopServicesPriv
0x0000000009252000 	/System/Library/Frameworks/Carbon.framework/Versions/A/Frameworks/HIToolbox.framework/Versions/A/HIToolbox
0x0000000009252000 	/System/Library/Frameworks/QuartzCore.framework/Versions/A/QuartzCore
0x0000000009252000 	/System/Library/Frameworks/Carbon.framework/Versions/A/Frameworks/SpeechRecognition.framework/Versions/A/SpeechRecognition
0x0000000009252000 	/usr/lib/libauto.dylib
0x0000000009252000 	/usr/lib/libicucore.A.dylib
0x0000000009252000 	/usr/lib/libxml2.2.dylib
0x0000000009252000 	/System/Library/PrivateFrameworks/CoreUI.framework/Versions/A/CoreUI
0x0000000009252000 	/System/Library/Frameworks/CoreAudio.framework/Versions/A/CoreAudio
0x0000000009252000 	/System/Library/Frameworks/DiskArbitration.framework/Versions/A/DiskArbitration
0x0000000009252000 	/usr/lib/liblangid.dylib
0x0000000009252000 	/System/Library/PrivateFrameworks/MultitouchSupport.framework/Versions/A/MultitouchSupport
0x0000000009252000 	/System/Library/Frameworks/IOKit.framework/Versions/A/IOKit
0x0000000009252000 	/usr/lib/libDiagnosticMessagesClient.dylib
0x0000000009252000 	/System/Library/Frameworks/CoreServices.framework/Versions/A/CoreServices
0x0000000009252000 	/System/Library/PrivateFrameworks/PerformanceAnalysis.framework/Versions/A/PerformanceAnalysis
0x0000000009252000 	/System/Library/PrivateFrameworks/GenerationalStorage.framework/Versions/A/GenerationalStorage
0x0000000009252000 	/System/Library/Frameworks/OpenGL.framework/Versions/A/OpenGL
0x0000000009252000 	/System/Library/PrivateFrameworks/Sharing.framework/Versions/A/Sharing
0x0000000009252000 	/System/Library/Frameworks/CoreGraphics.framework/Versions/A/CoreGraphics
0x0000000009252000 	/System/Library/Frameworks/CoreImage.framework/Versions/A/CoreImage
0x0000000009252000 	/System/Library/Frameworks/CoreText.framework/Versions/A/CoreText
0x0000000009252000 	/System/Library/Frameworks/ImageIO.framework/Versions/A/ImageIO
0x0000000009252000 	/System/Library/PrivateFrameworks/Backup.framework/Versions/A/Backup
0x0000000009252000 	/usr/lib/libextension.dylib
0x0000000009252000 	/usr/lib/libarchive.2.dylib
0x0000000009252000 	/System/Library/Frameworks/CFNetwork.framework/Versions/A/CFNetwork
0x0000000009252000 	/System/Library/Frameworks/SystemConfiguration.framework/Versions/A/SystemConfiguration
0x0000000009252000 	/usr/lib/libCRFSuite.dylib
0x0000000009252000 	/usr/lib/libc++.1.dylib
0x0000000009252000 	/usr/lib/libc++abi.dylib
0x0000000009252000 	/usr/lib/system/libcache.dylib
0x0000000009252000 	/usr/lib/system/libcommonCrypto.dylib
0x0000000009252000 	/usr/lib/system/libcompiler_rt.dylib
0x0000000009252000 	/usr/lib/system/libcopyfile.dylib
0x0000000009252000 	/usr/lib/system/libcorecrypto.dylib
0x0000000009252000 	/usr/lib/system/libdispatch.dylib
0x0000000009252000 	/usr/lib/system/libdyld.dylib
0x0000000009252000 	/usr/lib/system/libkeymgr.dylib
0x0000000009252000 	/usr/lib/system/liblaunch.dylib
0x0000000009252000 	/usr/lib/system/libmacho.dylib
0x0000000009252000 	/usr/lib/system/libquarantine.dylib
0x0000000009252000 	/usr/lib/system/libremovefile.dylib
0x0000000009252000 	/usr/lib/system/libsystem_asl.dylib
0x0000000009252000 	/usr/lib/system/libsystem_blocks.dylib
0x0000000009252000 	/usr/lib/system/libsystem_c.dylib
0x0000000009252000 	/usr/lib/system/libsystem_configuration.dylib
0x0000000009252000 	/usr/lib/system/libsystem_coreservices.dylib
0x0000000009252000 	/usr/lib/system/libsystem_coretls.dylib
0x0000000009252000 	/usr/lib/system/libsystem_dnssd.dylib
0x0000000009252000 	/usr/lib/system/libsystem_info.dylib
0x0000000009252000 	/usr/lib/system/libsystem_kernel.dylib
0x0000000009252000 	/usr/lib/system/libsystem_m.dylib
0x0000000009252000 	/usr/lib/system/libsystem_malloc.dylib
0x0000000009252000 	/usr/lib/system/libsystem_network.dylib
0x0000000009252000 	/usr/lib/system/libsystem_networkextension.dylib
0x0000000009252000 	/usr/lib/system/libsystem_notify.dylib
0x0000000009252000 	/usr/lib/system/libsystem_platform.dylib
0x0000000009252000 	/usr/lib/system/libsystem_pthread.dylib
0x0000000009252000 	/usr/lib/system/libsystem_sandbox.dylib
0x0000000009252000 	/usr/lib/system/libsystem_secinit.dylib
0x0000000009252000 	/usr/lib/system/libsystem_trace.dylib
0x0000000009252000 	/usr/lib/system/libunc.dylib
0x0000000009252000 	/usr/lib/system/libunwind.dylib
0x0000000009252000 	/usr/lib/system/libxpc.dylib
0x0000000009252000 	/usr/lib/libenergytrace.dylib
0x0000000009252000 	/usr/lib/libbsm.0.dylib
0x0000000009252000 	/usr/lib/system/libkxld.dylib
0x0000000009252000 	/usr/lib/libxar.1.dylib
0x0000000009252000 	/usr/lib/libsqlite3.dylib
0x0000000009252000 	/usr/lib/libpam.2.dylib
0x0000000009252000 	/usr/lib/libOpenScriptingUtil.dylib
0x0000000009252000 	/usr/lib/libbz2.1.0.dylib
0x0000000009252000 	/usr/lib/liblzma.5.dylib
0x0000000009252000 	/System/Library/Frameworks/CoreServices.framework/Versions/A/Frameworks/FSEvents.framework/Versions/A/FSEvents
0x0000000009252000 	/System/Library/Frameworks/CoreServices.framework/Versions/A/Frameworks/CarbonCore.framework/Versions/A/CarbonCore
0x0000000009252000 	/System/Library/Frameworks/CoreServices.framework/Versions/A/Frameworks/Metadata.framework/Versions/A/Metadata
0x0000000009252000 	/System/Library/Frameworks/CoreServices.framework/Versions/A/Frameworks/OSServices.framework/Versions/A/OSServices
0x0000000009252000 	/System/Library/Frameworks/CoreServices.framework/Versions/A/Frameworks/SearchKit.framework/Versions/A/SearchKit
0x0000000009252000 	/System/Library/Frameworks/CoreServices.framework/Versions/A/Frameworks/AE.framework/Versions/A/AE
0x0000000009252000 	/System/Library/Frameworks/CoreServices.framework/Versions/A/Frameworks/LaunchServices.framework/Versions/A/LaunchServices
0x0000000009252000 	/System/Library/Frameworks/CoreServices.framework/Versions/A/Frameworks/DictionaryServices.framework/Versions/A/DictionaryServices
0x0000000009252000 	/System/Library/Frameworks/CoreServices.framework/Versions/A/Frameworks/SharedFileList.framework/Versions/A/SharedFileList
0x0000000009252000 	/System/Library/Frameworks/NetFS.framework/Versions/A/NetFS
0x0000000009252000 	/System/Library/PrivateFrameworks/NetAuth.framework/Versions/A/NetAuth
0x0000000009252000 	/System/Library/PrivateFrameworks/login.framework/Versions/A/Frameworks/loginsupport.framework/Versions/A/loginsupport
0x0000000009252000 	/System/Library/PrivateFrameworks/TCC.framework/Versions/A/TCC
0x0000000009252000 	/usr/lib/libmecabra.dylib
0x0000000009252000 	/System/Library/Frameworks/ApplicationServices.framework/Versions/A/Frameworks/ATS.framework/Versions/A/ATS
0x0000000009252000 	/System/Library/Frameworks/ApplicationServices.framework/Versions/A/Frameworks/ColorSync.framework/Versions/A/ColorSync
0x0000000009252000 	/System/Library/Frameworks/ApplicationServices.framework/Versions/A/Frameworks/HIServices.framework/Versions/A/HIServices
0x0000000009252000 	/System/Library/Frameworks/ApplicationServices.framework/Versions/A/Frameworks/LangAnalysis.framework/Versions/A/LangAnalysis
0x0000000009252000 	/System/Library/Frameworks/ApplicationServices.framework/Versions/A/Frameworks/PrintCore.framework/Versions/A/PrintCore
0x0000000009252000 	/System/Library/Frameworks/ApplicationServices.framework/Versions/A/Frameworks/QD.framework/Versions/A/QD
0x0000000009252000 	/System/Library/Frameworks/ApplicationServices.framework/Versions/A/Frameworks/SpeechSynthesis.framework/Versions/A/SpeechSynthesis
0x0000000009252000 	/System/Library/Frameworks/Metal.framework/Versions/A/Metal
0x0000000009252000 	/System/Library/Frameworks/Accelerate.framework/Versions/A/Frameworks/vImage.framework/Versions/A/vImage
0x0000000009252000 	/System/Library/Frameworks/Accelerate.framework/Versions/A/Frameworks/vecLib.framework/Versions/A/vecLib
0x0000000009252000 	/System/Library/Frameworks/Accelerate.framework/Versions/A/Frameworks/vecLib.framework/Versions/A/libvDSP.dylib
0x0000000009252000 	/System/Library/Frameworks/Accelerate.framework/Versions/A/Frameworks/vecLib.framework/Versions/A/libvMisc.dylib
0x0000000009252000 	/System/Library/Frameworks/Accelerate.framework/Versions/A/Frameworks/vecLib.framework/Versions/A/libLAPACK.dylib
0x0000000009252000 	/System/Library/Frameworks/Accelerate.framework/Versions/A/Frameworks/vecLib.framework/Versions/A/libBLAS.dylib
0x0000000009252000 	/System/Library/Frameworks/Accelerate.framework/Versions/A/Frameworks/vecLib.framework/Versions/A/libLinearAlgebra.dylib
0x0000000009252000 	/System/Library/Frameworks/Accelerate.framework/Versions/A/Frameworks/vecLib.framework/Versions/A/libSparseBLAS.dylib
0x0000000009252000 	/System/Library/PrivateFrameworks/GPUCompiler.framework/libmetal_timestamp.dylib
0x0000000009252000 	/System/Library/Frameworks/OpenGL.framework/Versions/A/Libraries/libCoreFSCache.dylib
0x0000000009252000 	/System/Library/PrivateFrameworks/IOAccelerator.framework/Versions/A/IOAccelerator
0x0000000009252000 	/System/Library/Frameworks/ApplicationServices.framework/Versions/A/Frameworks/ATS.framework/Versions/A/Resources/libFontParser.dylib
0x0000000009252000 	/System/Library/Frameworks/ApplicationServices.framework/Versions/A/Frameworks/ATS.framework/Versions/A/Resources/libFontRegistry.dylib
0x0000000009252000 	/System/Library/PrivateFrameworks/AppleVPA.framework/Versions/A/AppleVPA
0x0000000009252000 	/System/Library/PrivateFrameworks/AppleJPEG.framework/Versions/A/AppleJPEG
0x0000000009252000 	/System/Library/Frameworks/ImageIO.framework/Versions/A/Resources/libJPEG.dylib
0x0000000009252000 	/System/Library/Frameworks/ImageIO.framework/Versions/A/Resources/libTIFF.dylib
0x0000000009252000 	/System/Library/Frameworks/ImageIO.framework/Versions/A/Resources/libPng.dylib
0x0000000009252000 	/System/Library/Frameworks/ImageIO.framework/Versions/A/Resources/libGIF.dylib
0x0000000009252000 	/System/Library/Frameworks/ImageIO.framework/Versions/A/Resources/libJP2.dylib
0x0000000009252000 	/System/Library/Frameworks/ImageIO.framework/Versions/A/Resources/libRadiance.dylib
0x0000000009252000 	/System/Library/Frameworks/CoreVideo.framework/Versions/A/CoreVideo
0x0000000009252000 	/System/Library/Frameworks/OpenGL.framework/Versions/A/Libraries/libGLU.dylib
0x0000000009252000 	/System/Library/Frameworks/OpenGL.framework/Versions/A/Libraries/libGFXShared.dylib
0x0000000009252000 	/System/Library/Frameworks/OpenGL.framework/Versions/A/Libraries/libGL.dylib
0x0000000009252000 	/System/Library/Frameworks/OpenGL.framework/Versions/A/Libraries/libGLImage.dylib
0x0000000009252000 	/System/Library/Frameworks/OpenGL.framework/Versions/A/Libraries/libCVMSPluginSupport.dylib
0x0000000009252000 	/System/Library/Frameworks/OpenGL.framework/Versions/A/Libraries/libCoreVMClient.dylib
0x0000000009252000 	/usr/lib/libcups.2.dylib
0x0000000009252000 	/System/Library/Frameworks/Kerberos.framework/Versions/A/Kerberos
0x0000000009252000 	/System/Library/Frameworks/GSS.framework/Versions/A/GSS
0x0000000009252000 	/usr/lib/libresolv.9.dylib
0x0000000009252000 	/usr/lib/libiconv.2.dylib
0x0000000009252000 	/System/Library/PrivateFrameworks/Heimdal.framework/Versions/A/Heimdal
0x0000000009252000 	/usr/lib/libheimdal-asn1.dylib
0x0000000009252000 	/System/Library/Frameworks/OpenDirectory.framework/Versions/A/OpenDirectory
0x0000000009252000 	/System/Library/PrivateFrameworks/CommonAuth.framework/Versions/A/CommonAuth
0x0000000009252000 	/System/Library/Frameworks/OpenDirectory.framework/Versions/A/Frameworks/CFOpenDirectory.framework/Versions/A/CFOpenDirectory
0x0000000009252000 	/System/Library/Frameworks/SecurityFoundation.framework/Versions/A/SecurityFoundation
0x0000000009252000 	/System/Library/PrivateFrameworks/LanguageModeling.framework/Versions/A/LanguageModeling
0x0000000009252000 	/usr/lib/libmarisa.dylib
0x0000000009252000 	/usr/lib/libChineseTokenizer.dylib
0x0000000009252000 	/usr/lib/libcmph.dylib
0x0000000009252000 	/usr/lib/libcompression.dylib
0x0000000009252000 	/System/Library/Frameworks/ServiceManagement.framework/Versions/A/ServiceManagement
0x0000000009252000 	/usr/lib/libxslt.1.dylib
0x0000000009252000 	/System/Library/Frameworks/Carbon.framework/Versions/A/Frameworks/Ink.framework/Versions/A/Ink
0x0000000009252000 	/usr/lib/libFosl_dynamic.dylib
0x0000000009252000 	/System/Library/PrivateFrameworks/FaceCore.framework/Versions/A/FaceCore
0x0000000009252000 	/System/Library/Frameworks/OpenCL.framework/Versions/A/OpenCL
0x0000000009252000 	/System/Library/PrivateFrameworks/CrashReporterSupport.framework/Versions/A/CrashReporterSupport
0x0000000009252000 	/System/Library/PrivateFrameworks/IconServices.framework/Versions/A/IconServices
0x0000000009252000 	/System/Library/PrivateFrameworks/Apple80211.framework/Versions/A/Apple80211
0x0000000009252000 	/System/Library/Frameworks/CoreWLAN.framework/Versions/A/CoreWLAN
0x0000000009252000 	/System/Library/Frameworks/IOBluetooth.framework/Versions/A/IOBluetooth
0x0000000009252000 	/System/Library/PrivateFrameworks/CoreWiFi.framework/Versions/A/CoreWiFi
0x0000000009252000 	/System/Library/Frameworks/CoreBluetooth.framework/Versions/A/CoreBluetooth
0x0000000009252000 	/System/Library/PrivateFrameworks/ChunkingLibrary.framework/Versions/A/ChunkingLibrary
0x0000000009252000 	/System/Library/PrivateFrameworks/DebugSymbols.framework/Versions/A/DebugSymbols
0x0000000009252000 	/System/Library/PrivateFrameworks/CoreSymbolication.framework/Versions/A/CoreSymbolication
0x0000000009252000 	/System/Library/PrivateFrameworks/Symbolication.framework/Versions/A/Symbolication
0x0000000009252000 	/System/Library/PrivateFrameworks/SpeechRecognitionCore.framework/Versions/A/SpeechRecognitionCore
0x000000010ea00000 	/Library/Java/JavaVirtualMachines/jdk1.8.0_45.jdk/Contents/Home/jre/lib/server/libjvm.dylib
0x0000000009252000 	/usr/lib/libstdc++.6.dylib
0x000000010d894000 	/Library/Java/JavaVirtualMachines/jdk1.8.0_45.jdk/Contents/Home/jre/lib/libverify.dylib
0x000000010d8a2000 	/Library/Java/JavaVirtualMachines/jdk1.8.0_45.jdk/Contents/Home/jre/lib/libjava.dylib
0x000000010d8d8000 	/Library/Java/JavaVirtualMachines/jdk1.8.0_45.jdk/Contents/Home/jre/lib/libjdwp.dylib
0x000000010d923000 	/Library/Java/JavaVirtualMachines/jdk1.8.0_45.jdk/Contents/Home/jre/lib/libnpt.dylib
0x000000010d930000 	/Library/Java/JavaVirtualMachines/jdk1.8.0_45.jdk/Contents/Home/jre/lib/libzip.dylib
0x000000012392b000 	/System/Library/Frameworks/JavaVM.framework/Frameworks/JavaRuntimeSupport.framework/JavaRuntimeSupport
0x0000000123946000 	/System/Library/Frameworks/JavaVM.framework/Versions/A/Frameworks/JavaNativeFoundation.framework/Versions/A/JavaNativeFoundation
0x000000010d9f1000 	/System/Library/Frameworks/JavaVM.framework/Versions/A/JavaVM
0x0000000009252000 	/System/Library/Frameworks/Carbon.framework/Versions/A/Carbon
0x000000012395b000 	/System/Library/PrivateFrameworks/JavaLaunching.framework/Versions/A/JavaLaunching
0x0000000009252000 	/System/Library/Frameworks/Carbon.framework/Versions/A/Frameworks/CommonPanels.framework/Versions/A/CommonPanels
0x0000000009252000 	/System/Library/Frameworks/Carbon.framework/Versions/A/Frameworks/Help.framework/Versions/A/Help
0x0000000009252000 	/System/Library/Frameworks/Carbon.framework/Versions/A/Frameworks/ImageCapture.framework/Versions/A/ImageCapture
0x0000000009252000 	/System/Library/Frameworks/Carbon.framework/Versions/A/Frameworks/OpenScripting.framework/Versions/A/OpenScripting
0x0000000009252000 	/System/Library/Frameworks/Carbon.framework/Versions/A/Frameworks/Print.framework/Versions/A/Print
0x0000000009252000 	/System/Library/Frameworks/Carbon.framework/Versions/A/Frameworks/SecurityHI.framework/Versions/A/SecurityHI
0x000000012527a000 	/Library/Java/JavaVirtualMachines/jdk1.8.0_45.jdk/Contents/Home/jre/lib/libdt_socket.dylib

VM Arguments:
jvm_args: -agentlib:jdwp=transport=dt_socket,suspend=y,address=localhost:50785 -Dfile.encoding=UTF-8 
java_command: org.bwillard.ccsf.course.cs211s.assn10.Homework10Streams
java_class_path (initial): /Users/bradleywillard/Documents/workspace/CS211S/bin
Launcher Type: SUN_STANDARD

Environment Variables:
PATH=/usr/bin:/bin:/usr/sbin:/sbin
SHELL=/bin/bash

Signal Handlers:
SIGSEGV: [libjvm.dylib+0x58ef95], sa_mask[0]=11111111011111110111111111111111, sa_flags=SA_ONSTACK|SA_RESTART|SA_SIGINFO
SIGBUS: [libjvm.dylib+0x58ef95], sa_mask[0]=11111111011111110111111111111111, sa_flags=SA_RESTART|SA_SIGINFO
SIGFPE: [libjvm.dylib+0x46c108], sa_mask[0]=11111111011111110111111111111111, sa_flags=SA_RESTART|SA_SIGINFO
SIGPIPE: [libjvm.dylib+0x46c108], sa_mask[0]=11111111011111110111111111111111, sa_flags=SA_RESTART|SA_SIGINFO
SIGXFSZ: [libjvm.dylib+0x46c108], sa_mask[0]=11111111011111110111111111111111, sa_flags=SA_RESTART|SA_SIGINFO
SIGILL: [libjvm.dylib+0x46c108], sa_mask[0]=11111111011111110111111111111111, sa_flags=SA_RESTART|SA_SIGINFO
SIGUSR1: SIG_DFL, sa_mask[0]=00000000000000000000000000000000, sa_flags=none
SIGUSR2: [libjvm.dylib+0x46bc26], sa_mask[0]=00100000000000000000000000000000, sa_flags=SA_RESTART|SA_SIGINFO
SIGHUP: [libjvm.dylib+0x46a1f9], sa_mask[0]=11111111011111110111111111111111, sa_flags=SA_RESTART|SA_SIGINFO
SIGINT: [libjvm.dylib+0x46a1f9], sa_mask[0]=11111111011111110111111111111111, sa_flags=SA_RESTART|SA_SIGINFO
SIGTERM: [libjvm.dylib+0x46a1f9], sa_mask[0]=11111111011111110111111111111111, sa_flags=SA_RESTART|SA_SIGINFO
SIGQUIT: [libjvm.dylib+0x46a1f9], sa_mask[0]=11111111011111110111111111111111, sa_flags=SA_RESTART|SA_SIGINFO


---------------  S Y S T E M  ---------------

OS:Bsduname:Darwin 15.3.0 Darwin Kernel Version 15.3.0: Thu Dec 10 18:40:58 PST 2015; root:xnu-3248.30.4~1/RELEASE_X86_64 x86_64
rlimit: STACK 8192k, CORE 0k, NPROC 709, NOFILE 10240, AS infinity
load average:1.57 1.43 1.26

CPU:total 8 (4 cores per cpu, 2 threads per core) family 6 model 42 stepping 7, cmov, cx8, fxsr, mmx, sse, sse2, sse3, ssse3, sse4.1, sse4.2, popcnt, avx, aes, clmul, ht, tsc, tscinvbit

Memory: 4k page, physical 4194304k(340432k free)

/proc/meminfo:


vm_info: Java HotSpot(TM) 64-Bit Server VM (25.45-b02) for bsd-amd64 JRE (1.8.0_45-b14), built on Apr 10 2015 10:46:38 by "java_re" with gcc 4.2.1 (Based on Apple Inc. build 5658) (LLVM build 2336.11.00)

time: Fri Apr 15 11:18:47 2016
elapsed time: 12 seconds (0d 0h 0m 12s)

